2022-05-04 18:07:40 [ERROR] test_agent.py[line:68] 参数:{'title': '1', 'description': '1', 'big_picture': '1', 'small_picture': '1'},结果:{"errormessage":"The sheet type must be integer ","errorcode":400}
2022-05-04 18:07:40 [ERROR] test_agent.py[line:68] 参数:{'title': '好', 'description': '好', 'big_picture': '好', 'small_picture': '好'},结果:{"errormessage":"The sheet type must be integer ","errorcode":400}
2022-05-04 18:07:41 [ERROR] test_agent.py[line:68] 参数:{'title': 'English', 'description': 'English', 'big_picture': 'English', 'small_picture': 'English'},结果:{"errormessage":"The sheet type must be integer ","errorcode":400}
2022-05-04 18:07:41 [ERROR] test_agent.py[line:68] 参数:{'title': '~!@#$%^&*()_+<>:”{}|', 'description': '~!@#$%^&*()_+<>:”{}|', 'big_picture': '~!@#$%^&*()_+<>:”{}|', 'small_picture': '~!@#$%^&*()_+<>:”{}|'},结果:{"errormessage":"The sheet type must be integer ","errorcode":400}
2022-05-04 18:07:41 [ERROR] test_agent.py[line:68] 参数:{'title': 'NULL', 'description': 'NULL', 'big_picture': 'NULL', 'small_picture': 'NULL'},结果:{"errormessage":"The sheet type must be integer ","errorcode":400}
2022-05-04 18:07:41 [ERROR] test_agent.py[line:68] 参数:{'title': '<input>', 'description': '<input>', 'big_picture': '<input>', 'small_picture': '<input>'},结果:{"errormessage":"The sheet type must be integer ","errorcode":400}
2022-05-04 18:07:41 [ERROR] test_agent.py[line:68] 参数:{'title': 'Π', 'description': 'Π', 'big_picture': 'http://www.baidu.com', 'small_picture': 'http://www.baidu.com'},结果:{"errormessage":"The sheet type must be integer ","errorcode":400}
2022-05-04 18:07:53 [ERROR] test_agent.py[line:68] 参数:{'title': '1', 'description': '1', 'big_picture': '1', 'small_picture': '1'},结果:{"errormessage":"The sheet type must be integer ","errorcode":400}
2022-05-04 18:07:53 [ERROR] test_agent.py[line:68] 参数:{'title': '好', 'description': '好', 'big_picture': '好', 'small_picture': '好'},结果:{"errormessage":"The sheet type must be integer ","errorcode":400}
2022-05-04 18:07:53 [ERROR] test_agent.py[line:68] 参数:{'title': 'English', 'description': 'English', 'big_picture': 'English', 'small_picture': 'English'},结果:{"errormessage":"The sheet type must be integer ","errorcode":400}
2022-05-04 18:07:53 [ERROR] test_agent.py[line:68] 参数:{'title': '~!@#$%^&*()_+<>:”{}|', 'description': '~!@#$%^&*()_+<>:”{}|', 'big_picture': '~!@#$%^&*()_+<>:”{}|', 'small_picture': '~!@#$%^&*()_+<>:”{}|'},结果:{"errormessage":"The sheet type must be integer ","errorcode":400}
2022-05-04 18:07:53 [ERROR] test_agent.py[line:68] 参数:{'title': 'NULL', 'description': 'NULL', 'big_picture': 'NULL', 'small_picture': 'NULL'},结果:{"errormessage":"The sheet type must be integer ","errorcode":400}
2022-05-04 18:07:53 [ERROR] test_agent.py[line:68] 参数:{'title': '<input>', 'description': '<input>', 'big_picture': '<input>', 'small_picture': '<input>'},结果:{"errormessage":"The sheet type must be integer ","errorcode":400}
2022-05-04 18:07:54 [ERROR] test_agent.py[line:68] 参数:{'title': 'Π', 'description': 'Π', 'big_picture': 'http://www.baidu.com', 'small_picture': 'http://www.baidu.com'},结果:{"errormessage":"The sheet type must be integer ","errorcode":400}
2022-05-04 18:54:42 [ERROR] test_agent.py[line:70] 参数:{'title': '1', 'description': '1', 'big_picture': '1', 'small_picture': 'http://www.baidu.com'},结果:{"errormessage":"The big_picture error format","errorcode":400}
2022-05-04 18:54:42 [ERROR] test_agent.py[line:70] 参数:{'title': '好', 'description': '好', 'big_picture': 'http://www.baidu.com', 'small_picture': '1'},结果:{"errormessage":"The small_picture error format","errorcode":400}
2022-05-04 18:54:42 [ERROR] test_agent.py[line:70] 参数:{'title': 'English', 'description': 'English', 'big_picture': 'http://www.baidu.com', 'small_picture': 'http://www.baidu.com'},结果:{"data":499,"errormessage":"","errorcode":0}
2022-05-04 18:54:42 [ERROR] test_agent.py[line:70] 参数:{'title': '~!@#$%^&*()_+<>:”{}|', 'description': '~!@#$%^&*()_+<>:”{}|', 'big_picture': 'http://www.baidu.com', 'small_picture': 'http://www.baidu.com'},结果:{"data":500,"errormessage":"","errorcode":0}
2022-05-04 18:54:42 [ERROR] test_agent.py[line:70] 参数:{'title': 'NULL', 'description': 'NULL', 'big_picture': 'http://www.baidu.com', 'small_picture': 'http://www.baidu.com'},结果:{"data":501,"errormessage":"","errorcode":0}
2022-05-04 18:54:42 [ERROR] test_agent.py[line:70] 参数:{'title': '<input>', 'description': '<input>', 'big_picture': 'http://www.baidu.com', 'small_picture': 'http://www.baidu.com'},结果:{"data":502,"errormessage":"","errorcode":0}
2022-05-04 18:54:43 [ERROR] test_agent.py[line:70] 参数:{'title': 'Π', 'description': 'Π', 'big_picture': 'http://www.baidu.com', 'small_picture': 'http://www.baidu.com'},结果:{"data":503,"errormessage":"","errorcode":0}
2022-05-04 19:00:23 [ERROR] test_agent.py[line:52] 参数:{'song_name': '1', 'limit': '-1', 'page': '-1', 'singer_name': '1'},结果:{"page":["page must be is positive integer"],"limit":["limit must be is positive integer and <= 10000"]}
2022-05-04 19:00:23 [ERROR] test_agent.py[line:52] 参数:{'song_name': '好', 'limit': '0', 'page': '0', 'singer_name': '好'},结果:{"page":["page must be is positive integer"],"limit":["limit must be is positive integer and <= 10000"]}
2022-05-04 19:00:24 [ERROR] test_agent.py[line:52] 参数:{'song_name': 'English', 'limit': '1', 'page': '1', 'singer_name': 'English'},结果:{"data":{"datas":[],"total":0},"errormessage":"","errorcode":0}
2022-05-04 19:00:24 [ERROR] test_agent.py[line:52] 参数:{'song_name': '~!@#$%^&*()_+<>:”{}|', 'limit': '1.1', 'page': '1.1', 'singer_name': '~!@#$%^&*()_+<>:”{}|'},结果:{"page":["page must be is positive integer"],"limit":["limit must be is positive integer and <= 10000"]}
2022-05-04 19:00:24 [ERROR] test_agent.py[line:52] 参数:{'song_name': 'NULL', 'limit': '9999', 'page': '100000000000000000000000000000', 'singer_name': 'NULL'},结果:{"errormessage":"SQLSTATE[42000]: Syntax error or access violation: 1064 You have an error in your SQL syntax; check the manual that corresponds to your MySQL server version for the right syntax to use near '-3891110078048108544' at line 1 (SQL: select * from `dc_ban_songs` where (`songname` like %NULL% and `singername` like %NULL%) order by `id` desc limit 9999 offset -3891110078048108544)","errorcode":500}
2022-05-04 19:00:24 [ERROR] test_agent.py[line:52] 参数:{'song_name': '<input>', 'limit': '10000', 'page': 'e', 'singer_name': '<input>'},结果:{"page":["page must be is positive integer"]}
2022-05-04 19:00:24 [ERROR] test_agent.py[line:52] 参数:{'song_name': 'Π', 'limit': '10001', 'page': 'Π', 'singer_name': 'Π'},结果:{"page":["page must be is positive integer"],"limit":["limit must be is positive integer and <= 10000"]}
2022-05-04 19:01:56 [ERROR] test_agent.py[line:66] 参数:{'title': '1', 'description': '1', 'big_picture': '1', 'small_picture': '1'},结果:{"errormessage":"The big_picture error format","errorcode":400}
2022-05-04 19:01:57 [ERROR] test_agent.py[line:66] 参数:{'title': '好', 'description': '好', 'big_picture': 'http://www.baidu.com', 'small_picture': 'http://www.baidu.com'},结果:{"data":504,"errormessage":"","errorcode":0}
2022-05-04 19:01:57 [ERROR] test_agent.py[line:66] 参数:{'title': 'English', 'description': 'English', 'big_picture': 'http://', 'small_picture': 'http://'},结果:{"errormessage":"The big_picture error format","errorcode":400}
2022-05-04 19:01:57 [ERROR] test_agent.py[line:66] 参数:{'title': '~!@#$%^&*()_+<>:”{}|', 'description': '~!@#$%^&*()_+<>:”{}|', 'big_picture': '好', 'small_picture': '好'},结果:{"errormessage":"The big_picture error format","errorcode":400}
2022-05-04 19:01:57 [ERROR] test_agent.py[line:66] 参数:{'title': 'NULL', 'description': 'NULL', 'big_picture': 'NULL', 'small_picture': 'NULL'},结果:{"errormessage":"The big_picture error format","errorcode":400}
2022-05-04 19:01:57 [ERROR] test_agent.py[line:66] 参数:{'title': '<input>', 'description': '<input>', 'big_picture': '<input>', 'small_picture': '<input>'},结果:{"errormessage":"The big_picture error format","errorcode":400}
2022-05-04 19:01:57 [ERROR] test_agent.py[line:66] 参数:{'title': 'Π', 'description': 'Π', 'big_picture': 'Π', 'small_picture': 'Π'},结果:{"errormessage":"The big_picture error format","errorcode":400}
2022-05-04 19:16:18 [ERROR] agent.py[line:20] 参数:sheet_id 不存在
2022-05-04 19:16:18 [ERROR] test_agent.py[line:66] 参数:{'page': '-1', 'limit': '-1', 'sheet_type': '1'},结果:{"errormessage":"The title must be not empty ","errorcode":400}
2022-05-04 19:16:19 [ERROR] test_agent.py[line:66] 参数:{'page': '0', 'limit': '0', 'sheet_type': '2'},结果:{"errormessage":"The title must be not empty ","errorcode":400}
2022-05-04 19:16:19 [ERROR] test_agent.py[line:66] 参数:{'page': '1', 'limit': '1', 'sheet_type': '1'},结果:{"errormessage":"The title must be not empty ","errorcode":400}
2022-05-04 19:16:19 [ERROR] test_agent.py[line:66] 参数:{'page': '1.1', 'limit': '1.1', 'sheet_type': '2'},结果:{"errormessage":"The title must be not empty ","errorcode":400}
2022-05-04 19:16:19 [ERROR] test_agent.py[line:66] 参数:{'page': '100000000000000000000000000000', 'limit': '9999', 'sheet_type': '1'},结果:{"errormessage":"The title must be not empty ","errorcode":400}
2022-05-04 19:16:19 [ERROR] test_agent.py[line:66] 参数:{'page': 'e', 'limit': '10000', 'sheet_type': '2'},结果:{"errormessage":"The title must be not empty ","errorcode":400}
2022-05-04 19:16:19 [ERROR] test_agent.py[line:66] 参数:{'page': 'Π', 'limit': '10001', 'sheet_type': '1'},结果:{"errormessage":"The title must be not empty ","errorcode":400}
2022-05-04 20:05:17 [ERROR] test_agent.py[line:94] 参数:{'song_name': '1', 'limit': '-1', 'page': '-1', 'singer_name': '1'},结果:{"page":["page must be is positive integer"],"limit":["limit must be is positive integer and <= 10000"]}
2022-05-04 20:05:17 [ERROR] test_agent.py[line:94] 参数:{'song_name': '好', 'limit': '0', 'page': '0', 'singer_name': '好'},结果:{"page":["page must be is positive integer"],"limit":["limit must be is positive integer and <= 10000"]}
2022-05-04 20:05:18 [ERROR] test_agent.py[line:94] 参数:{'song_name': 'English', 'limit': '1', 'page': '1', 'singer_name': 'English'},结果:{"data":{"datas":[],"total":0},"errormessage":"","errorcode":0}
2022-05-04 20:05:19 [ERROR] test_agent.py[line:94] 参数:{'song_name': '~!@#$%^&*()_+<>:”{}|', 'limit': '1.1', 'page': '1.1', 'singer_name': '~!@#$%^&*()_+<>:”{}|'},结果:{"page":["page must be is positive integer"],"limit":["limit must be is positive integer and <= 10000"]}
2022-05-04 20:05:19 [ERROR] test_agent.py[line:94] 参数:{'song_name': 'NULL', 'limit': '9999', 'page': '100000000000000000000000000000', 'singer_name': 'NULL'},结果:{"errormessage":"SQLSTATE[42000]: Syntax error or access violation: 1064 You have an error in your SQL syntax; check the manual that corresponds to your MySQL server version for the right syntax to use near '-3891110078048108544' at line 1 (SQL: select * from `dc_ban_songs` where (`songname` like %NULL% and `singername` like %NULL%) order by `id` desc limit 9999 offset -3891110078048108544)","errorcode":500}
2022-05-04 20:05:19 [ERROR] test_agent.py[line:94] 参数:{'song_name': '<input>', 'limit': '10000', 'page': 'e', 'singer_name': '<input>'},结果:{"page":["page must be is positive integer"]}
2022-05-04 20:05:19 [ERROR] test_agent.py[line:94] 参数:{'song_name': 'Π', 'limit': '10001', 'page': 'Π', 'singer_name': 'Π'},结果:{"page":["page must be is positive integer"],"limit":["limit must be is positive integer and <= 10000"]}
2022-05-04 20:05:30 [ERROR] test_agent.py[line:94] 参数:{'song_name': '1', 'limit': '-1', 'page': '-1', 'singer_name': '1'},结果:{"page":["page must be is positive integer"],"limit":["limit must be is positive integer and <= 10000"]}
2022-05-04 20:05:30 [ERROR] test_agent.py[line:94] 参数:{'song_name': '好', 'limit': '0', 'page': '0', 'singer_name': '好'},结果:{"page":["page must be is positive integer"],"limit":["limit must be is positive integer and <= 10000"]}
2022-05-04 20:05:31 [ERROR] test_agent.py[line:94] 参数:{'song_name': 'English', 'limit': '1', 'page': '1', 'singer_name': 'English'},结果:{"data":{"datas":[],"total":0},"errormessage":"","errorcode":0}
2022-05-04 20:05:31 [ERROR] test_agent.py[line:94] 参数:{'song_name': '~!@#$%^&*()_+<>:”{}|', 'limit': '1.1', 'page': '1.1', 'singer_name': '~!@#$%^&*()_+<>:”{}|'},结果:{"page":["page must be is positive integer"],"limit":["limit must be is positive integer and <= 10000"]}
2022-05-04 20:05:31 [ERROR] test_agent.py[line:94] 参数:{'song_name': 'NULL', 'limit': '9999', 'page': '100000000000000000000000000000', 'singer_name': 'NULL'},结果:{"errormessage":"SQLSTATE[42000]: Syntax error or access violation: 1064 You have an error in your SQL syntax; check the manual that corresponds to your MySQL server version for the right syntax to use near '-3891110078048108544' at line 1 (SQL: select * from `dc_ban_songs` where (`songname` like %NULL% and `singername` like %NULL%) order by `id` desc limit 9999 offset -3891110078048108544)","errorcode":500}
2022-05-04 20:05:31 [ERROR] test_agent.py[line:94] 参数:{'song_name': '<input>', 'limit': '10000', 'page': 'e', 'singer_name': '<input>'},结果:{"page":["page must be is positive integer"]}
2022-05-04 20:05:31 [ERROR] test_agent.py[line:94] 参数:{'song_name': 'Π', 'limit': '10001', 'page': 'Π', 'singer_name': 'Π'},结果:{"page":["page must be is positive integer"],"limit":["limit must be is positive integer and <= 10000"]}
2022-05-04 20:05:47 [ERROR] test_agent.py[line:110] 参数:{'title': '1', 'description': '1', 'big_picture': '1', 'small_picture': '1'},结果:{"errormessage":"The big_picture error format","errorcode":400}
2022-05-04 20:05:47 [ERROR] test_agent.py[line:110] 参数:{'title': '好', 'description': '好', 'big_picture': 'http://www.baidu.com', 'small_picture': 'http://www.baidu.com'},结果:{"data":505,"errormessage":"","errorcode":0}
2022-05-04 20:05:48 [ERROR] test_agent.py[line:110] 参数:{'title': 'English', 'description': 'English', 'big_picture': 'http://', 'small_picture': 'http://'},结果:{"errormessage":"The big_picture error format","errorcode":400}
2022-05-04 20:05:48 [ERROR] test_agent.py[line:110] 参数:{'title': '~!@#$%^&*()_+<>:”{}|', 'description': '~!@#$%^&*()_+<>:”{}|', 'big_picture': '好', 'small_picture': '好'},结果:{"errormessage":"The big_picture error format","errorcode":400}
2022-05-04 20:05:48 [ERROR] test_agent.py[line:110] 参数:{'title': 'NULL', 'description': 'NULL', 'big_picture': 'NULL', 'small_picture': 'NULL'},结果:{"errormessage":"The big_picture error format","errorcode":400}
2022-05-04 20:05:48 [ERROR] test_agent.py[line:110] 参数:{'title': '<input>', 'description': '<input>', 'big_picture': '<input>', 'small_picture': '<input>'},结果:{"errormessage":"The big_picture error format","errorcode":400}
2022-05-04 20:05:48 [ERROR] test_agent.py[line:110] 参数:{'title': 'Π', 'description': 'Π', 'big_picture': 'Π', 'small_picture': 'Π'},结果:{"errormessage":"The big_picture error format","errorcode":400}
2022-05-04 20:42:55 [ERROR] test_agent.py[line:81] 参数:{'song_name': '1', 'limit': '-1', 'page': '-1', 'singer_name': '1'},结果:{"errormessage":"Authorization expires.","errorcode":401}
2022-05-04 20:42:55 [ERROR] test_agent.py[line:81] 参数:{'song_name': '好', 'limit': '0', 'page': '0', 'singer_name': '好'},结果:{"errormessage":"Authorization expires.","errorcode":401}
2022-05-04 20:42:55 [ERROR] test_agent.py[line:81] 参数:{'song_name': 'English', 'limit': '1', 'page': '1', 'singer_name': 'English'},结果:{"errormessage":"Authorization expires.","errorcode":401}
2022-05-04 20:42:55 [ERROR] test_agent.py[line:81] 参数:{'song_name': '~!@#$%^&*()_+<>:”{}|', 'limit': '1.1', 'page': '1.1', 'singer_name': '~!@#$%^&*()_+<>:”{}|'},结果:{"errormessage":"Authorization expires.","errorcode":401}
2022-05-04 20:42:55 [ERROR] test_agent.py[line:81] 参数:{'song_name': 'NULL', 'limit': '9999', 'page': '100000000000000000000000000000', 'singer_name': 'NULL'},结果:{"errormessage":"Authorization expires.","errorcode":401}
2022-05-04 20:42:55 [ERROR] test_agent.py[line:81] 参数:{'song_name': '<input>', 'limit': '10000', 'page': 'e', 'singer_name': '<input>'},结果:{"errormessage":"Authorization expires.","errorcode":401}
2022-05-04 20:42:55 [ERROR] test_agent.py[line:81] 参数:{'song_name': 'Π', 'limit': '10001', 'page': 'Π', 'singer_name': 'Π'},结果:{"errormessage":"Authorization expires.","errorcode":401}
2022-05-04 20:43:21 [ERROR] test_agent.py[line:81] 参数:{'song_name': '1', 'limit': '-1', 'page': '-1', 'singer_name': '1'},结果:{"errormessage":"Authorization expires.","errorcode":401}
2022-05-04 20:43:21 [ERROR] test_agent.py[line:81] 参数:{'song_name': '好', 'limit': '0', 'page': '0', 'singer_name': '好'},结果:{"errormessage":"Authorization expires.","errorcode":401}
2022-05-04 20:43:21 [ERROR] test_agent.py[line:81] 参数:{'song_name': 'English', 'limit': '1', 'page': '1', 'singer_name': 'English'},结果:{"errormessage":"Authorization expires.","errorcode":401}
2022-05-04 20:43:21 [ERROR] test_agent.py[line:81] 参数:{'song_name': '~!@#$%^&*()_+<>:”{}|', 'limit': '1.1', 'page': '1.1', 'singer_name': '~!@#$%^&*()_+<>:”{}|'},结果:{"errormessage":"Authorization expires.","errorcode":401}
2022-05-04 20:43:21 [ERROR] test_agent.py[line:81] 参数:{'song_name': 'NULL', 'limit': '9999', 'page': '100000000000000000000000000000', 'singer_name': 'NULL'},结果:{"errormessage":"Authorization expires.","errorcode":401}
2022-05-04 20:43:21 [ERROR] test_agent.py[line:81] 参数:{'song_name': '<input>', 'limit': '10000', 'page': 'e', 'singer_name': '<input>'},结果:{"errormessage":"Authorization expires.","errorcode":401}
2022-05-04 20:43:22 [ERROR] test_agent.py[line:81] 参数:{'song_name': 'Π', 'limit': '10001', 'page': 'Π', 'singer_name': 'Π'},结果:{"errormessage":"Authorization expires.","errorcode":401}
2022-05-04 20:44:25 [ERROR] test_agent.py[line:53] 参数:{'song_name': '1', 'limit': '-1', 'page': '-1', 'singer_name': '1'},结果:{"errormessage":"Authorization expires.","errorcode":401}
2022-05-04 20:44:25 [ERROR] test_agent.py[line:53] 参数:{'song_name': '好', 'limit': '0', 'page': '0', 'singer_name': '好'},结果:{"errormessage":"Authorization expires.","errorcode":401}
2022-05-04 20:44:25 [ERROR] test_agent.py[line:53] 参数:{'song_name': 'English', 'limit': '1', 'page': '1', 'singer_name': 'English'},结果:{"errormessage":"Authorization expires.","errorcode":401}
2022-05-04 20:44:25 [ERROR] test_agent.py[line:53] 参数:{'song_name': '~!@#$%^&*()_+<>:”{}|', 'limit': '1.1', 'page': '1.1', 'singer_name': '~!@#$%^&*()_+<>:”{}|'},结果:{"errormessage":"Authorization expires.","errorcode":401}
2022-05-04 20:44:25 [ERROR] test_agent.py[line:53] 参数:{'song_name': 'NULL', 'limit': '9999', 'page': '100000000000000000000000000000', 'singer_name': 'NULL'},结果:{"errormessage":"Authorization expires.","errorcode":401}
2022-05-04 20:44:25 [ERROR] test_agent.py[line:53] 参数:{'song_name': '<input>', 'limit': '10000', 'page': 'e', 'singer_name': '<input>'},结果:{"errormessage":"Authorization expires.","errorcode":401}
2022-05-04 20:44:25 [ERROR] test_agent.py[line:53] 参数:{'song_name': 'Π', 'limit': '10001', 'page': 'Π', 'singer_name': 'Π'},结果:{"errormessage":"Authorization expires.","errorcode":401}
2022-05-04 20:44:51 [ERROR] test_agent.py[line:53] 参数:{'title': '1', 'description': '1', 'big_picture': '1', 'small_picture': '1'},结果:{"errormessage":"Authorization expires.","errorcode":401}
2022-05-04 20:44:51 [ERROR] test_agent.py[line:53] 参数:{'title': '好', 'description': '好', 'big_picture': 'http://www.baidu.com', 'small_picture': 'http://www.baidu.com'},结果:{"errormessage":"Authorization expires.","errorcode":401}
2022-05-04 20:44:51 [ERROR] test_agent.py[line:53] 参数:{'title': 'English', 'description': 'English', 'big_picture': 'http://', 'small_picture': 'http://'},结果:{"errormessage":"Authorization expires.","errorcode":401}
2022-05-04 20:44:51 [ERROR] test_agent.py[line:53] 参数:{'title': '~!@#$%^&*()_+<>:”{}|', 'description': '~!@#$%^&*()_+<>:”{}|', 'big_picture': '好', 'small_picture': '好'},结果:{"errormessage":"Authorization expires.","errorcode":401}
2022-05-04 20:44:51 [ERROR] test_agent.py[line:53] 参数:{'title': 'NULL', 'description': 'NULL', 'big_picture': 'NULL', 'small_picture': 'NULL'},结果:{"errormessage":"Authorization expires.","errorcode":401}
2022-05-04 20:44:52 [ERROR] test_agent.py[line:53] 参数:{'title': '<input>', 'description': '<input>', 'big_picture': '<input>', 'small_picture': '<input>'},结果:{"errormessage":"Authorization expires.","errorcode":401}
2022-05-04 20:44:52 [ERROR] test_agent.py[line:53] 参数:{'title': 'Π', 'description': 'Π', 'big_picture': 'Π', 'small_picture': 'Π'},结果:{"errormessage":"Authorization expires.","errorcode":401}
2022-05-04 20:45:11 [ERROR] test_agent.py[line:53] 参数:{'title': '1', 'description': '1', 'big_picture': '1', 'small_picture': '1'},结果:{"errormessage":"Authorization expires.","errorcode":401}
2022-05-04 20:45:12 [ERROR] test_agent.py[line:53] 参数:{'title': '好', 'description': '好', 'big_picture': 'http://www.baidu.com', 'small_picture': 'http://www.baidu.com'},结果:{"errormessage":"Authorization expires.","errorcode":401}
2022-05-04 20:45:12 [ERROR] test_agent.py[line:53] 参数:{'title': 'English', 'description': 'English', 'big_picture': 'http://', 'small_picture': 'http://'},结果:{"errormessage":"Authorization expires.","errorcode":401}
2022-05-04 20:45:12 [ERROR] test_agent.py[line:53] 参数:{'title': '~!@#$%^&*()_+<>:”{}|', 'description': '~!@#$%^&*()_+<>:”{}|', 'big_picture': '好', 'small_picture': '好'},结果:{"errormessage":"Authorization expires.","errorcode":401}
2022-05-04 20:45:12 [ERROR] test_agent.py[line:53] 参数:{'title': 'NULL', 'description': 'NULL', 'big_picture': 'NULL', 'small_picture': 'NULL'},结果:{"errormessage":"Authorization expires.","errorcode":401}
2022-05-04 20:45:12 [ERROR] test_agent.py[line:53] 参数:{'title': '<input>', 'description': '<input>', 'big_picture': '<input>', 'small_picture': '<input>'},结果:{"errormessage":"Authorization expires.","errorcode":401}
2022-05-04 20:45:12 [ERROR] test_agent.py[line:53] 参数:{'title': 'Π', 'description': 'Π', 'big_picture': 'Π', 'small_picture': 'Π'},结果:{"errormessage":"Authorization expires.","errorcode":401}
2022-05-04 21:03:05 [ERROR] agent.py[line:20] 参数:sheet_id 不存在
2022-05-04 21:03:05 [ERROR] agent.py[line:20] 参数:active 不存在
2022-05-04 21:03:36 [ERROR] agent.py[line:20] 参数:sheet_id 不存在
2022-05-04 21:03:36 [ERROR] agent.py[line:20] 参数:active 不存在
2022-05-04 21:03:52 [ERROR] agent.py[line:20] 参数:sheet_id 不存在
2022-05-04 21:03:52 [ERROR] agent.py[line:20] 参数:active 不存在
2022-05-04 21:04:08 [ERROR] agent.py[line:20] 参数:sheet_id 不存在
2022-05-04 21:04:08 [ERROR] agent.py[line:20] 参数:active 不存在
2022-05-04 21:07:38 [ERROR] agent.py[line:20] 参数:sheet_id 不存在
2022-05-04 21:07:38 [ERROR] agent.py[line:20] 参数:active 不存在
2022-05-04 21:08:07 [ERROR] agent.py[line:20] 参数:sheet_id 不存在
2022-05-04 21:08:07 [ERROR] agent.py[line:20] 参数:active 不存在
2022-05-04 21:19:35 [ERROR] test_agent.py[line:53] 参数:{'title': '1', 'description': '1', 'big_picture': '1', 'small_picture': '1'},结果:{"errormessage":"Authorization expires.","errorcode":401}
2022-05-04 21:19:35 [ERROR] test_agent.py[line:53] 参数:{'title': '好', 'description': '好', 'big_picture': 'http://www.baidu.com', 'small_picture': 'http://www.baidu.com'},结果:{"errormessage":"Authorization expires.","errorcode":401}
2022-05-04 21:19:36 [ERROR] test_agent.py[line:53] 参数:{'title': 'English', 'description': 'English', 'big_picture': 'http://', 'small_picture': 'http://'},结果:{"errormessage":"Authorization expires.","errorcode":401}
2022-05-04 21:19:36 [ERROR] test_agent.py[line:53] 参数:{'title': '~!@#$%^&*()_+<>:”{}|', 'description': '~!@#$%^&*()_+<>:”{}|', 'big_picture': '好', 'small_picture': '好'},结果:{"errormessage":"Authorization expires.","errorcode":401}
2022-05-04 21:19:36 [ERROR] test_agent.py[line:53] 参数:{'title': 'NULL', 'description': 'NULL', 'big_picture': 'NULL', 'small_picture': 'NULL'},结果:{"errormessage":"Authorization expires.","errorcode":401}
2022-05-04 21:19:36 [ERROR] test_agent.py[line:53] 参数:{'title': '<input>', 'description': '<input>', 'big_picture': '<input>', 'small_picture': '<input>'},结果:{"errormessage":"Authorization expires.","errorcode":401}
2022-05-04 21:19:36 [ERROR] test_agent.py[line:53] 参数:{'title': 'Π', 'description': 'Π', 'big_picture': 'Π', 'small_picture': 'Π'},结果:{"errormessage":"Authorization expires.","errorcode":401}
2022-05-04 21:31:13 [ERROR] test_agent.py[line:53] 参数:{'title': '1', 'description': '1', 'big_picture': '1', 'small_picture': '1', 'active': '0'},结果:{"errormessage":"The big_picture error format","errorcode":400}
2022-05-04 21:31:13 [ERROR] test_agent.py[line:53] 参数:{'title': '好', 'description': '好', 'big_picture': 'http://www.baidu.com', 'small_picture': 'http://www.baidu.com', 'active': '1'},结果:{"errormessage":"Fail,Sheet not found","errorcode":400}
2022-05-04 21:31:13 [ERROR] test_agent.py[line:53] 参数:{'title': 'English', 'description': 'English', 'big_picture': 'http://', 'small_picture': 'http://', 'active': '0'},结果:{"errormessage":"The big_picture error format","errorcode":400}
2022-05-04 21:31:13 [ERROR] test_agent.py[line:53] 参数:{'title': '~!@#$%^&*()_+<>:”{}|', 'description': '~!@#$%^&*()_+<>:”{}|', 'big_picture': '好', 'small_picture': '好', 'active': '1'},结果:{"errormessage":"The big_picture error format","errorcode":400}
2022-05-04 21:31:13 [ERROR] test_agent.py[line:53] 参数:{'title': 'NULL', 'description': 'NULL', 'big_picture': 'NULL', 'small_picture': 'NULL', 'active': '0'},结果:{"errormessage":"The big_picture error format","errorcode":400}
2022-05-04 21:31:14 [ERROR] test_agent.py[line:53] 参数:{'title': '<input>', 'description': '<input>', 'big_picture': '<input>', 'small_picture': '<input>', 'active': '1'},结果:{"errormessage":"The big_picture error format","errorcode":400}
2022-05-04 21:31:14 [ERROR] test_agent.py[line:53] 参数:{'title': 'Π', 'description': 'Π', 'big_picture': 'Π', 'small_picture': 'Π', 'active': '0'},结果:{"errormessage":"The big_picture error format","errorcode":400}
2022-05-04 21:33:24 [ERROR] test_agent.py[line:53] 参数:{'title': '1', 'description': '1', 'big_picture': '1', 'small_picture': '1', 'active': '0'},结果:{"errormessage":"The big_picture error format","errorcode":400}
2022-05-04 21:33:25 [ERROR] test_agent.py[line:53] 参数:{'title': '好', 'description': '好', 'big_picture': 'http://www.baidu.com', 'small_picture': 'http://www.baidu.com', 'active': '1'},结果:{"errormessage":"Fail,Sheet not found","errorcode":400}
2022-05-04 21:33:25 [ERROR] test_agent.py[line:53] 参数:{'title': 'English', 'description': 'English', 'big_picture': 'http://', 'small_picture': 'http://', 'active': '0'},结果:{"errormessage":"The big_picture error format","errorcode":400}
2022-05-04 21:33:25 [ERROR] test_agent.py[line:53] 参数:{'title': '~!@#$%^&*()_+<>:”{}|', 'description': '~!@#$%^&*()_+<>:”{}|', 'big_picture': '好', 'small_picture': '好', 'active': '1'},结果:{"errormessage":"The big_picture error format","errorcode":400}
2022-05-04 21:33:25 [ERROR] test_agent.py[line:53] 参数:{'title': 'NULL', 'description': 'NULL', 'big_picture': 'NULL', 'small_picture': 'NULL', 'active': '0'},结果:{"errormessage":"The big_picture error format","errorcode":400}
2022-05-04 21:33:25 [ERROR] test_agent.py[line:53] 参数:{'title': '<input>', 'description': '<input>', 'big_picture': '<input>', 'small_picture': '<input>', 'active': '1'},结果:{"errormessage":"The big_picture error format","errorcode":400}
2022-05-04 21:33:25 [ERROR] test_agent.py[line:53] 参数:{'title': 'Π', 'description': 'Π', 'big_picture': 'Π', 'small_picture': 'Π', 'active': '0'},结果:{"errormessage":"The big_picture error format","errorcode":400}
2022-05-04 21:49:04 [ERROR] test_agent.py[line:57] 参数:{'song_name': '1', 'limit': '-1', 'page': '-1', 'singer_name': '1'},结果:{"page":["page must be is positive integer"],"limit":["limit must be is positive integer and <= 10000"]}
2022-05-04 21:49:04 [ERROR] test_agent.py[line:57] 参数:{'song_name': '好', 'limit': '0', 'page': '0', 'singer_name': '好'},结果:{"page":["page must be is positive integer"],"limit":["limit must be is positive integer and <= 10000"]}
2022-05-04 21:49:06 [ERROR] test_agent.py[line:57] 参数:{'song_name': 'English', 'limit': '1', 'page': '1', 'singer_name': 'English'},结果:{"data":{"datas":[],"total":0},"errormessage":"","errorcode":0}
2022-05-04 21:49:06 [ERROR] test_agent.py[line:57] 参数:{'song_name': '~!@#$%^&*()_+<>:”{}|', 'limit': '1.1', 'page': '1.1', 'singer_name': '~!@#$%^&*()_+<>:”{}|'},结果:{"page":["page must be is positive integer"],"limit":["limit must be is positive integer and <= 10000"]}
2022-05-04 21:49:06 [ERROR] test_agent.py[line:57] 参数:{'song_name': 'NULL', 'limit': '9999', 'page': '100000000000000000000000000000', 'singer_name': 'NULL'},结果:{"errormessage":"SQLSTATE[42000]: Syntax error or access violation: 1064 You have an error in your SQL syntax; check the manual that corresponds to your MySQL server version for the right syntax to use near '-3891110078048108544' at line 1 (SQL: select * from `dc_ban_songs` where (`songname` like %NULL% and `singername` like %NULL%) order by `id` desc limit 9999 offset -3891110078048108544)","errorcode":500}
2022-05-04 21:49:07 [ERROR] test_agent.py[line:57] 参数:{'song_name': '<input>', 'limit': '10000', 'page': 'e', 'singer_name': '<input>'},结果:{"page":["page must be is positive integer"]}
2022-05-04 21:49:07 [ERROR] test_agent.py[line:57] 参数:{'song_name': 'Π', 'limit': '10001', 'page': 'Π', 'singer_name': 'Π'},结果:{"page":["page must be is positive integer"],"limit":["limit must be is positive integer and <= 10000"]}
2022-05-04 21:49:07 [ERROR] test_agent.py[line:57] 参数:{'title': '1', 'description': '1', 'big_picture': '1', 'small_picture': '1'},结果:{"errormessage":"The big_picture error format","errorcode":400}
2022-05-04 21:49:07 [ERROR] test_agent.py[line:57] 参数:{'title': '好', 'description': '好', 'big_picture': 'http://www.baidu.com', 'small_picture': 'http://www.baidu.com'},结果:{"data":506,"errormessage":"","errorcode":0}
2022-05-04 21:49:07 [ERROR] test_agent.py[line:57] 参数:{'title': 'English', 'description': 'English', 'big_picture': 'http://', 'small_picture': 'http://'},结果:{"errormessage":"The big_picture error format","errorcode":400}
2022-05-04 21:49:07 [ERROR] test_agent.py[line:57] 参数:{'title': '~!@#$%^&*()_+<>:”{}|', 'description': '~!@#$%^&*()_+<>:”{}|', 'big_picture': '好', 'small_picture': '好'},结果:{"errormessage":"The big_picture error format","errorcode":400}
2022-05-04 21:49:08 [ERROR] test_agent.py[line:57] 参数:{'title': 'NULL', 'description': 'NULL', 'big_picture': 'NULL', 'small_picture': 'NULL'},结果:{"errormessage":"The big_picture error format","errorcode":400}
2022-05-04 21:49:08 [ERROR] test_agent.py[line:57] 参数:{'title': '<input>', 'description': '<input>', 'big_picture': '<input>', 'small_picture': '<input>'},结果:{"errormessage":"The big_picture error format","errorcode":400}
2022-05-04 21:49:08 [ERROR] test_agent.py[line:57] 参数:{'title': 'Π', 'description': 'Π', 'big_picture': 'Π', 'small_picture': 'Π'},结果:{"errormessage":"The big_picture error format","errorcode":400}
2022-05-04 21:49:08 [ERROR] test_agent.py[line:57] 参数:{'title': '1', 'description': '1', 'big_picture': '1', 'small_picture': '1', 'active': '0'},结果:{"errormessage":"The big_picture error format","errorcode":400}
2022-05-04 21:49:08 [ERROR] test_agent.py[line:57] 参数:{'title': '好', 'description': '好', 'big_picture': 'http://www.baidu.com', 'small_picture': 'http://www.baidu.com', 'active': '1'},结果:{"errormessage":"Fail,Sheet not found","errorcode":400}
2022-05-04 21:49:08 [ERROR] test_agent.py[line:57] 参数:{'title': 'English', 'description': 'English', 'big_picture': 'http://', 'small_picture': 'http://', 'active': '0'},结果:{"errormessage":"The big_picture error format","errorcode":400}
2022-05-04 21:49:08 [ERROR] test_agent.py[line:57] 参数:{'title': '~!@#$%^&*()_+<>:”{}|', 'description': '~!@#$%^&*()_+<>:”{}|', 'big_picture': '好', 'small_picture': '好', 'active': '1'},结果:{"errormessage":"The big_picture error format","errorcode":400}
2022-05-04 21:49:08 [ERROR] test_agent.py[line:57] 参数:{'title': 'NULL', 'description': 'NULL', 'big_picture': 'NULL', 'small_picture': 'NULL', 'active': '0'},结果:{"errormessage":"The big_picture error format","errorcode":400}
2022-05-04 21:49:08 [ERROR] test_agent.py[line:57] 参数:{'title': '<input>', 'description': '<input>', 'big_picture': '<input>', 'small_picture': '<input>', 'active': '1'},结果:{"errormessage":"The big_picture error format","errorcode":400}
2022-05-04 21:49:09 [ERROR] test_agent.py[line:57] 参数:{'title': 'Π', 'description': 'Π', 'big_picture': 'Π', 'small_picture': 'Π', 'active': '0'},结果:{"errormessage":"The big_picture error format","errorcode":400}
2022-05-04 21:49:09 [ERROR] test_agent.py[line:57] 参数:{'title': '1', 'description': '1', 'big_picture': '1', 'small_picture': '1'},结果:{"errormessage":"The big_picture error format","errorcode":400}
2022-05-04 21:49:09 [ERROR] test_agent.py[line:57] 参数:{'title': '好', 'description': '好', 'big_picture': 'http://www.baidu.com', 'small_picture': 'http://www.baidu.com'},结果:{"data":507,"errormessage":"","errorcode":0}
2022-05-04 21:49:09 [ERROR] test_agent.py[line:57] 参数:{'title': 'English', 'description': 'English', 'big_picture': 'http://', 'small_picture': 'http://'},结果:{"errormessage":"The big_picture error format","errorcode":400}
2022-05-04 21:49:09 [ERROR] test_agent.py[line:57] 参数:{'title': '~!@#$%^&*()_+<>:”{}|', 'description': '~!@#$%^&*()_+<>:”{}|', 'big_picture': '好', 'small_picture': '好'},结果:{"errormessage":"The big_picture error format","errorcode":400}
2022-05-04 21:49:09 [ERROR] test_agent.py[line:57] 参数:{'title': 'NULL', 'description': 'NULL', 'big_picture': 'NULL', 'small_picture': 'NULL'},结果:{"errormessage":"The big_picture error format","errorcode":400}
2022-05-04 21:49:09 [ERROR] test_agent.py[line:57] 参数:{'title': '<input>', 'description': '<input>', 'big_picture': '<input>', 'small_picture': '<input>'},结果:{"errormessage":"The big_picture error format","errorcode":400}
2022-05-04 21:49:09 [ERROR] test_agent.py[line:57] 参数:{'title': 'Π', 'description': 'Π', 'big_picture': 'Π', 'small_picture': 'Π'},结果:{"errormessage":"The big_picture error format","errorcode":400}
2022-05-04 21:49:32 [ERROR] test_agent.py[line:57] 参数:{'title': '1', 'description': '1', 'big_picture': '1', 'small_picture': '1'},结果:{"errormessage":"The big_picture error format","errorcode":400}
2022-05-04 21:49:32 [ERROR] test_agent.py[line:57] 参数:{'title': '好', 'description': '好', 'big_picture': 'http://www.baidu.com', 'small_picture': 'http://www.baidu.com'},结果:{"data":508,"errormessage":"","errorcode":0}
2022-05-04 21:49:32 [ERROR] test_agent.py[line:57] 参数:{'title': 'English', 'description': 'English', 'big_picture': 'http://', 'small_picture': 'http://'},结果:{"errormessage":"The big_picture error format","errorcode":400}
2022-05-04 21:49:32 [ERROR] test_agent.py[line:57] 参数:{'title': '~!@#$%^&*()_+<>:”{}|', 'description': '~!@#$%^&*()_+<>:”{}|', 'big_picture': '好', 'small_picture': '好'},结果:{"errormessage":"The big_picture error format","errorcode":400}
2022-05-04 21:49:32 [ERROR] test_agent.py[line:57] 参数:{'title': 'NULL', 'description': 'NULL', 'big_picture': 'NULL', 'small_picture': 'NULL'},结果:{"errormessage":"The big_picture error format","errorcode":400}
2022-05-04 21:49:32 [ERROR] test_agent.py[line:57] 参数:{'title': '<input>', 'description': '<input>', 'big_picture': '<input>', 'small_picture': '<input>'},结果:{"errormessage":"The big_picture error format","errorcode":400}
2022-05-04 21:49:32 [ERROR] test_agent.py[line:57] 参数:{'title': 'Π', 'description': 'Π', 'big_picture': 'Π', 'small_picture': 'Π'},结果:{"errormessage":"The big_picture error format","errorcode":400}
2022-05-04 21:49:48 [ERROR] test_agent.py[line:57] 参数:{'title': '1', 'description': '1', 'big_picture': '1', 'small_picture': '1'},结果:{"errormessage":"The big_picture error format","errorcode":400}
2022-05-04 21:49:48 [ERROR] test_agent.py[line:57] 参数:{'title': '好', 'description': '好', 'big_picture': 'http://www.baidu.com', 'small_picture': 'http://www.baidu.com'},结果:{"data":509,"errormessage":"","errorcode":0}
2022-05-04 21:49:49 [ERROR] test_agent.py[line:57] 参数:{'title': 'English', 'description': 'English', 'big_picture': 'http://', 'small_picture': 'http://'},结果:{"errormessage":"The big_picture error format","errorcode":400}
2022-05-04 21:49:49 [ERROR] test_agent.py[line:57] 参数:{'title': '~!@#$%^&*()_+<>:”{}|', 'description': '~!@#$%^&*()_+<>:”{}|', 'big_picture': '好', 'small_picture': '好'},结果:{"errormessage":"The big_picture error format","errorcode":400}
2022-05-04 21:49:49 [ERROR] test_agent.py[line:57] 参数:{'title': 'NULL', 'description': 'NULL', 'big_picture': 'NULL', 'small_picture': 'NULL'},结果:{"errormessage":"The big_picture error format","errorcode":400}
2022-05-04 21:49:49 [ERROR] test_agent.py[line:57] 参数:{'title': '<input>', 'description': '<input>', 'big_picture': '<input>', 'small_picture': '<input>'},结果:{"errormessage":"The big_picture error format","errorcode":400}
2022-05-04 21:49:49 [ERROR] test_agent.py[line:57] 参数:{'title': 'Π', 'description': 'Π', 'big_picture': 'Π', 'small_picture': 'Π'},结果:{"errormessage":"The big_picture error format","errorcode":400}
2022-05-04 21:51:59 [ERROR] test_agent.py[line:58] 参数:{'title': '1', 'description': '1', 'big_picture': '1', 'small_picture': '1'},结果:{"errormessage":"The big_picture error format","errorcode":400}
2022-05-04 21:52:00 [ERROR] test_agent.py[line:58] 参数:{'title': '好', 'description': '好', 'big_picture': 'http://www.baidu.com', 'small_picture': 'http://www.baidu.com'},结果:{"data":510,"errormessage":"","errorcode":0}
2022-05-04 21:52:00 [ERROR] test_agent.py[line:58] 参数:{'title': 'English', 'description': 'English', 'big_picture': 'http://', 'small_picture': 'http://'},结果:{"errormessage":"The big_picture error format","errorcode":400}
2022-05-04 21:52:00 [ERROR] test_agent.py[line:58] 参数:{'title': '~!@#$%^&*()_+<>:”{}|', 'description': '~!@#$%^&*()_+<>:”{}|', 'big_picture': '好', 'small_picture': '好'},结果:{"errormessage":"The big_picture error format","errorcode":400}
2022-05-04 21:52:00 [ERROR] test_agent.py[line:58] 参数:{'title': 'NULL', 'description': 'NULL', 'big_picture': 'NULL', 'small_picture': 'NULL'},结果:{"errormessage":"The big_picture error format","errorcode":400}
2022-05-04 21:52:00 [ERROR] test_agent.py[line:58] 参数:{'title': '<input>', 'description': '<input>', 'big_picture': '<input>', 'small_picture': '<input>'},结果:{"errormessage":"The big_picture error format","errorcode":400}
2022-05-04 21:52:00 [ERROR] test_agent.py[line:58] 参数:{'title': 'Π', 'description': 'Π', 'big_picture': 'Π', 'small_picture': 'Π'},结果:{"errormessage":"The big_picture error format","errorcode":400}
2022-05-04 21:52:53 [ERROR] agent.py[line:20] 参数:sheet_id 不存在
2022-05-04 21:52:53 [ERROR] test_agent.py[line:49] 结果:{"require_id":"496d5fdc-29c0-4d72-ad91-ed759b81c80b","msg":"接口不存在","from":"@duochang-base/gateway"}
2022-05-04 21:53:27 [ERROR] agent.py[line:20] 参数:sheet_id 不存在
2022-05-04 21:53:27 [ERROR] test_agent.py[line:49] 结果:{"require_id":"3094ef49-e82f-48b6-aefe-986a09efdcf3","msg":"接口不存在","from":"@duochang-base/gateway"}
2022-05-04 21:54:45 [ERROR] test_agent.py[line:48] 结果:{"require_id":"ed18d797-439b-4901-a481-d87a2f5fbaca","msg":"接口不存在","from":"@duochang-base/gateway"}
2022-05-04 22:05:41 [ERROR] test_agent.py[line:48] 结果:{"errormessage":"header [Authorization] must set","errorcode":400}
2022-05-04 22:06:04 [ERROR] test_agent.py[line:48] 结果:{"errormessage":"header [Authorization] must set","errorcode":400}
2022-05-04 22:06:50 [ERROR] test_agent.py[line:48] 结果:{"errormessage":"Fail,Sheet not found","errorcode":404}
2022-05-04 22:08:52 [ERROR] test_agent.py[line:48] 结果:{"errormessage":"Fail,Sheet not found","errorcode":404}
2022-05-04 22:10:14 [ERROR] test_agent.py[line:49] 结果:{"errormessage":"Fail,Sheet not found","errorcode":404}
2022-05-04 22:10:44 [ERROR] test_agent.py[line:58] 参数:{'title': '1', 'description': '1', 'big_picture': '1', 'small_picture': '1', 'active': '0'},结果:{"errormessage":"The big_picture error format","errorcode":400}
2022-05-04 22:10:44 [ERROR] test_agent.py[line:58] 参数:{'title': '好', 'description': '好', 'big_picture': 'http://www.baidu.com', 'small_picture': 'http://www.baidu.com', 'active': '1'},结果:{"errormessage":"Fail,Sheet not found","errorcode":400}
2022-05-04 22:10:44 [ERROR] test_agent.py[line:58] 参数:{'title': 'English', 'description': 'English', 'big_picture': 'http://', 'small_picture': 'http://', 'active': '0'},结果:{"errormessage":"The big_picture error format","errorcode":400}
2022-05-04 22:10:44 [ERROR] test_agent.py[line:58] 参数:{'title': '~!@#$%^&*()_+<>:”{}|', 'description': '~!@#$%^&*()_+<>:”{}|', 'big_picture': '好', 'small_picture': '好', 'active': '1'},结果:{"errormessage":"The big_picture error format","errorcode":400}
2022-05-04 22:10:45 [ERROR] test_agent.py[line:58] 参数:{'title': 'NULL', 'description': 'NULL', 'big_picture': 'NULL', 'small_picture': 'NULL', 'active': '0'},结果:{"errormessage":"The big_picture error format","errorcode":400}
2022-05-04 22:10:45 [ERROR] test_agent.py[line:58] 参数:{'title': '<input>', 'description': '<input>', 'big_picture': '<input>', 'small_picture': '<input>', 'active': '1'},结果:{"errormessage":"The big_picture error format","errorcode":400}
2022-05-04 22:10:45 [ERROR] test_agent.py[line:58] 参数:{'title': 'Π', 'description': 'Π', 'big_picture': 'Π', 'small_picture': 'Π', 'active': '0'},结果:{"errormessage":"The big_picture error format","errorcode":400}
2022-05-04 22:10:51 [ERROR] test_agent.py[line:58] 参数:{'title': '1', 'description': '1', 'big_picture': '1', 'small_picture': '1'},结果:{"errormessage":"The big_picture error format","errorcode":400}
2022-05-04 22:10:51 [ERROR] test_agent.py[line:58] 参数:{'title': '好', 'description': '好', 'big_picture': 'http://www.baidu.com', 'small_picture': 'http://www.baidu.com'},结果:{"data":511,"errormessage":"","errorcode":0}
2022-05-04 22:10:51 [ERROR] test_agent.py[line:58] 参数:{'title': 'English', 'description': 'English', 'big_picture': 'http://', 'small_picture': 'http://'},结果:{"errormessage":"The big_picture error format","errorcode":400}
2022-05-04 22:10:51 [ERROR] test_agent.py[line:58] 参数:{'title': '~!@#$%^&*()_+<>:”{}|', 'description': '~!@#$%^&*()_+<>:”{}|', 'big_picture': '好', 'small_picture': '好'},结果:{"errormessage":"The big_picture error format","errorcode":400}
2022-05-04 22:10:51 [ERROR] test_agent.py[line:58] 参数:{'title': 'NULL', 'description': 'NULL', 'big_picture': 'NULL', 'small_picture': 'NULL'},结果:{"errormessage":"The big_picture error format","errorcode":400}
2022-05-04 22:10:52 [ERROR] test_agent.py[line:58] 参数:{'title': '<input>', 'description': '<input>', 'big_picture': '<input>', 'small_picture': '<input>'},结果:{"errormessage":"The big_picture error format","errorcode":400}
2022-05-04 22:10:52 [ERROR] test_agent.py[line:58] 参数:{'title': 'Π', 'description': 'Π', 'big_picture': 'Π', 'small_picture': 'Π'},结果:{"errormessage":"The big_picture error format","errorcode":400}
2022-05-04 22:10:57 [ERROR] test_agent.py[line:58] 参数:{'song_name': '1', 'limit': '-1', 'page': '-1', 'singer_name': '1'},结果:{"page":["page must be is positive integer"],"limit":["limit must be is positive integer and <= 10000"]}
2022-05-04 22:10:58 [ERROR] test_agent.py[line:58] 参数:{'song_name': '好', 'limit': '0', 'page': '0', 'singer_name': '好'},结果:{"page":["page must be is positive integer"],"limit":["limit must be is positive integer and <= 10000"]}
2022-05-04 22:10:59 [ERROR] test_agent.py[line:58] 参数:{'song_name': 'English', 'limit': '1', 'page': '1', 'singer_name': 'English'},结果:{"data":{"datas":[],"total":0},"errormessage":"","errorcode":0}
2022-05-04 22:10:59 [ERROR] test_agent.py[line:58] 参数:{'song_name': '~!@#$%^&*()_+<>:”{}|', 'limit': '1.1', 'page': '1.1', 'singer_name': '~!@#$%^&*()_+<>:”{}|'},结果:{"page":["page must be is positive integer"],"limit":["limit must be is positive integer and <= 10000"]}
2022-05-04 22:10:59 [ERROR] test_agent.py[line:58] 参数:{'song_name': 'NULL', 'limit': '9999', 'page': '100000000000000000000000000000', 'singer_name': 'NULL'},结果:{"errormessage":"SQLSTATE[42000]: Syntax error or access violation: 1064 You have an error in your SQL syntax; check the manual that corresponds to your MySQL server version for the right syntax to use near '-3891110078048108544' at line 1 (SQL: select * from `dc_ban_songs` where (`songname` like %NULL% and `singername` like %NULL%) order by `id` desc limit 9999 offset -3891110078048108544)","errorcode":500}
2022-05-04 22:10:59 [ERROR] test_agent.py[line:58] 参数:{'song_name': '<input>', 'limit': '10000', 'page': 'e', 'singer_name': '<input>'},结果:{"page":["page must be is positive integer"]}
2022-05-04 22:10:59 [ERROR] test_agent.py[line:58] 参数:{'song_name': 'Π', 'limit': '10001', 'page': 'Π', 'singer_name': 'Π'},结果:{"page":["page must be is positive integer"],"limit":["limit must be is positive integer and <= 10000"]}
2022-05-04 22:11:28 [ERROR] test_agent.py[line:49] 结果:{"errormessage":"Fail,Sheet not found","errorcode":404}
2022-05-04 22:50:12 [ERROR] test_agent.py[line:49] 结果:{"errormessage":"Fail,Sheet not found","errorcode":404}
2022-05-04 22:52:59 [ERROR] test_agent.py[line:48] 结果:{"errormessage":"Fail,Sheet not found","errorcode":404}
2022-05-04 22:53:06 [ERROR] test_agent.py[line:57] 参数:{'title': '1', 'description': '1', 'big_picture': '1', 'small_picture': '1', 'active': '0'},结果:{"errormessage":"The big_picture error format","errorcode":400}
2022-05-04 22:53:06 [ERROR] test_agent.py[line:57] 参数:{'title': '好', 'description': '好', 'big_picture': 'http://www.baidu.com', 'small_picture': 'http://www.baidu.com', 'active': '1'},结果:{"errormessage":"Fail,Sheet not found","errorcode":400}
2022-05-04 22:53:06 [ERROR] test_agent.py[line:57] 参数:{'title': 'English', 'description': 'English', 'big_picture': 'http://', 'small_picture': 'http://', 'active': '0'},结果:{"errormessage":"The big_picture error format","errorcode":400}
2022-05-04 22:53:06 [ERROR] test_agent.py[line:57] 参数:{'title': '~!@#$%^&*()_+<>:”{}|', 'description': '~!@#$%^&*()_+<>:”{}|', 'big_picture': '好', 'small_picture': '好', 'active': '1'},结果:{"errormessage":"The big_picture error format","errorcode":400}
2022-05-04 22:53:06 [ERROR] test_agent.py[line:57] 参数:{'title': 'NULL', 'description': 'NULL', 'big_picture': 'NULL', 'small_picture': 'NULL', 'active': '0'},结果:{"errormessage":"The big_picture error format","errorcode":400}
2022-05-04 22:53:06 [ERROR] test_agent.py[line:57] 参数:{'title': '<input>', 'description': '<input>', 'big_picture': '<input>', 'small_picture': '<input>', 'active': '1'},结果:{"errormessage":"The big_picture error format","errorcode":400}
2022-05-04 22:53:06 [ERROR] test_agent.py[line:57] 参数:{'title': 'Π', 'description': 'Π', 'big_picture': 'Π', 'small_picture': 'Π', 'active': '0'},结果:{"errormessage":"The big_picture error format","errorcode":400}
2022-05-04 22:53:35 [ERROR] test_agent.py[line:57] 参数:{'title': '1', 'description': '1', 'big_picture': '1', 'small_picture': '1'},结果:{"errormessage":"The big_picture error format","errorcode":400}
2022-05-04 22:53:35 [ERROR] test_agent.py[line:57] 参数:{'title': '好', 'description': '好', 'big_picture': 'http://www.baidu.com', 'small_picture': 'http://www.baidu.com'},结果:{"data":512,"errormessage":"","errorcode":0}
2022-05-04 22:53:35 [ERROR] test_agent.py[line:57] 参数:{'title': 'English', 'description': 'English', 'big_picture': 'http://', 'small_picture': 'http://'},结果:{"errormessage":"The big_picture error format","errorcode":400}
2022-05-04 22:53:35 [ERROR] test_agent.py[line:57] 参数:{'title': '~!@#$%^&*()_+<>:”{}|', 'description': '~!@#$%^&*()_+<>:”{}|', 'big_picture': '好', 'small_picture': '好'},结果:{"errormessage":"The big_picture error format","errorcode":400}
2022-05-04 22:53:35 [ERROR] test_agent.py[line:57] 参数:{'title': 'NULL', 'description': 'NULL', 'big_picture': 'NULL', 'small_picture': 'NULL'},结果:{"errormessage":"The big_picture error format","errorcode":400}
2022-05-04 22:53:35 [ERROR] test_agent.py[line:57] 参数:{'title': '<input>', 'description': '<input>', 'big_picture': '<input>', 'small_picture': '<input>'},结果:{"errormessage":"The big_picture error format","errorcode":400}
2022-05-04 22:53:35 [ERROR] test_agent.py[line:57] 参数:{'title': 'Π', 'description': 'Π', 'big_picture': 'Π', 'small_picture': 'Π'},结果:{"errormessage":"The big_picture error format","errorcode":400}
2022-05-04 22:53:52 [ERROR] test_agent.py[line:57] 参数:{'song_name': '1', 'limit': '-1', 'page': '-1', 'singer_name': '1'},结果:{"page":["page must be is positive integer"],"limit":["limit must be is positive integer and <= 10000"]}
2022-05-04 22:53:52 [ERROR] test_agent.py[line:57] 参数:{'song_name': '好', 'limit': '0', 'page': '0', 'singer_name': '好'},结果:{"page":["page must be is positive integer"],"limit":["limit must be is positive integer and <= 10000"]}
2022-05-04 22:53:53 [ERROR] test_agent.py[line:57] 参数:{'song_name': 'English', 'limit': '1', 'page': '1', 'singer_name': 'English'},结果:{"data":{"datas":[],"total":0},"errormessage":"","errorcode":0}
2022-05-04 22:53:53 [ERROR] test_agent.py[line:57] 参数:{'song_name': '~!@#$%^&*()_+<>:”{}|', 'limit': '1.1', 'page': '1.1', 'singer_name': '~!@#$%^&*()_+<>:”{}|'},结果:{"page":["page must be is positive integer"],"limit":["limit must be is positive integer and <= 10000"]}
2022-05-04 22:53:53 [ERROR] test_agent.py[line:57] 参数:{'song_name': 'NULL', 'limit': '9999', 'page': '100000000000000000000000000000', 'singer_name': 'NULL'},结果:{"errormessage":"SQLSTATE[42000]: Syntax error or access violation: 1064 You have an error in your SQL syntax; check the manual that corresponds to your MySQL server version for the right syntax to use near '-3891110078048108544' at line 1 (SQL: select * from `dc_ban_songs` where (`songname` like %NULL% and `singername` like %NULL%) order by `id` desc limit 9999 offset -3891110078048108544)","errorcode":500}
2022-05-04 22:53:53 [ERROR] test_agent.py[line:57] 参数:{'song_name': '<input>', 'limit': '10000', 'page': 'e', 'singer_name': '<input>'},结果:{"page":["page must be is positive integer"]}
2022-05-04 22:53:54 [ERROR] test_agent.py[line:57] 参数:{'song_name': 'Π', 'limit': '10001', 'page': 'Π', 'singer_name': 'Π'},结果:{"page":["page must be is positive integer"],"limit":["limit must be is positive integer and <= 10000"]}
